# JRE version: Java(TM) SE Runtime Environment (17.0.7+8) (build 17.0.7+8-LTS-224)
# Java VM: Java HotSpot(TM) 64-Bit Server VM (17.0.7+8-LTS-224, mixed mode, emulated-client, sharing, tiered, compressed oops, compressed class ptrs, g1 gc, windows-amd64)
GC Precious Log:
 CPUs: 4 total, 4 available
 Memory: 12185M
 Large Page Support: Disabled
 NUMA Support: Disabled
 Compressed Oops: Enabled (Zero based)
 Heap Region Size: 2M
 Heap Min Capacity: 8M
 Heap Initial Capacity: 192M
 Heap Max Capacity: 3048M
 Pre-touch: Disabled
 Parallel Workers: 4
 Concurrent Workers: 1
 Concurrent Refinement Workers: 4
 Periodic GC: Disabled
Heap:
 garbage-first heap   total 73728K, used 20059K [0x0000000741800000, 0x0000000800000000)
  region size 2048K, 3 young (6144K), 2 survivors (4096K)
 Metaspace       used 36325K, committed 36736K, reserved 1081344K
  class space    used 5024K, committed 5184K, reserved 1048576K
GC Heap History (14 events):
Event: 0.817 GC heap before
{Heap before GC invocations=0 (full 0):
 garbage-first heap   total 196608K, used 12288K [0x0000000741800000, 0x0000000800000000)
  region size 2048K, 6 young (12288K), 0 survivors (0K)
 Metaspace       used 4410K, committed 4608K, reserved 1056768K
  class space    used 545K, committed 640K, reserved 1048576K
}
Event: 0.826 GC heap after
{Heap after GC invocations=1 (full 0):
 garbage-first heap   total 196608K, used 6378K [0x0000000741800000, 0x0000000800000000)
  region size 2048K, 1 young (2048K), 1 survivors (2048K)
 Metaspace       used 4410K, committed 4608K, reserved 1056768K
  class space    used 545K, committed 640K, reserved 1048576K
}
Event: 1.037 GC heap before
{Heap before GC invocations=1 (full 0):
 garbage-first heap   total 196608K, used 12522K [0x0000000741800000, 0x0000000800000000)
  region size 2048K, 4 young (8192K), 1 survivors (2048K)
 Metaspace       used 6494K, committed 6656K, reserved 1056768K
  class space    used 822K, committed 896K, reserved 1048576K
}
Event: 1.041 GC heap after
{Heap after GC invocations=2 (full 0):
 garbage-first heap   total 196608K, used 7393K [0x0000000741800000, 0x0000000800000000)
  region size 2048K, 1 young (2048K), 1 survivors (2048K)
 Metaspace       used 6494K, committed 6656K, reserved 1056768K
  class space    used 822K, committed 896K, reserved 1048576K
}
Event: 1.522 GC heap before
{Heap before GC invocations=2 (full 0):
 garbage-first heap   total 196608K, used 29921K [0x0000000741800000, 0x0000000800000000)
  region size 2048K, 12 young (24576K), 1 survivors (2048K)
 Metaspace       used 10766K, committed 11072K, reserved 1064960K
  class space    used 1493K, committed 1664K, reserved 1048576K
}
Event: 1.526 GC heap after
{Heap after GC invocations=3 (full 0):
 garbage-first heap   total 196608K, used 8977K [0x0000000741800000, 0x0000000800000000)
  region size 2048K, 2 young (4096K), 2 survivors (4096K)
 Metaspace       used 10766K, committed 11072K, reserved 1064960K
  class space    used 1493K, committed 1664K, reserved 1048576K
}
Event: 2.386 GC heap before
{Heap before GC invocations=3 (full 0):
 garbage-first heap   total 196608K, used 70417K [0x0000000741800000, 0x0000000800000000)
  region size 2048K, 33 young (67584K), 2 survivors (4096K)
 Metaspace       used 21231K, committed 21504K, reserved 1073152K
  class space    used 2938K, committed 3072K, reserved 1048576K
}
Event: 2.395 GC heap after
{Heap after GC invocations=4 (full 0):
 garbage-first heap   total 196608K, used 12715K [0x0000000741800000, 0x0000000800000000)
  region size 2048K, 4 young (8192K), 4 survivors (8192K)
 Metaspace       used 21231K, committed 21504K, reserved 1073152K
  class space    used 2938K, committed 3072K, reserved 1048576K
}
Event: 3.158 GC heap before
{Heap before GC invocations=5 (full 0):
 garbage-first heap   total 61440K, used 45483K [0x0000000741800000, 0x0000000800000000)
  region size 2048K, 21 young (43008K), 4 survivors (8192K)
 Metaspace       used 26468K, committed 26944K, reserved 1073152K
  class space    used 3752K, committed 3968K, reserved 1048576K
}
Event: 3.170 GC heap after
{Heap after GC invocations=6 (full 0):
 garbage-first heap   total 61440K, used 15655K [0x0000000741800000, 0x0000000800000000)
  region size 2048K, 5 young (10240K), 5 survivors (10240K)
 Metaspace       used 26468K, committed 26944K, reserved 1073152K
  class space    used 3752K, committed 3968K, reserved 1048576K
}
Event: 3.651 GC heap before
{Heap before GC invocations=6 (full 0):
 garbage-first heap   total 61440K, used 38183K [0x0000000741800000, 0x0000000800000000)
  region size 2048K, 17 young (34816K), 5 survivors (10240K)
 Metaspace       used 29821K, committed 30336K, reserved 1081344K
  class space    used 4213K, committed 4480K, reserved 1048576K
}
Event: 3.663 GC heap after
{Heap after GC invocations=7 (full 0):
 garbage-first heap   total 61440K, used 18449K [0x0000000741800000, 0x0000000800000000)
  region size 2048K, 3 young (6144K), 3 survivors (6144K)
 Metaspace       used 29821K, committed 30336K, reserved 1081344K
  class space    used 4213K, committed 4480K, reserved 1048576K
}
Event: 4.244 GC heap before
{Heap before GC invocations=7 (full 0):
 garbage-first heap   total 61440K, used 34833K [0x0000000741800000, 0x0000000800000000)
  region size 2048K, 12 young (24576K), 3 survivors (6144K)
 Metaspace       used 35674K, committed 36096K, reserved 1081344K
  class space    used 4935K, committed 5120K, reserved 1048576K
}
Event: 4.252 GC heap after
{Heap after GC invocations=8 (full 0):
 garbage-first heap   total 73728K, used 20059K [0x0000000741800000, 0x0000000800000000)
  region size 2048K, 2 young (4096K), 2 survivors (4096K)
 Metaspace       used 35674K, committed 36096K, reserved 1081344K
  class space    used 4935K, committed 5120K, reserved 1048576K
}

